[INFO ] 2025-03-11 22:33:10.985 [main] BaseClass - Goto my account-->Click on Login.. 
[INFO ] 2025-03-11 22:33:11.499 [main] BaseClass - Entering email and password.. 
[INFO ] 2025-03-11 22:33:11.694 [main] BaseClass - clicked on login button...
[INFO ] 2025-03-11 22:33:16.445 [main] BaseClass - Goto my account-->Click on Login.. 
[INFO ] 2025-03-11 22:33:16.930 [main] BaseClass - Entering email and password.. 
[INFO ] 2025-03-11 22:33:17.118 [main] BaseClass - clicked on login button...
[INFO ] 2025-03-11 22:33:21.536 [main] BaseClass - Goto my account-->Click on Login.. 
[INFO ] 2025-03-11 22:33:22.000 [main] BaseClass - Entering email and password.. 
[INFO ] 2025-03-11 22:33:22.215 [main] BaseClass - clicked on login button...
[INFO ] 2025-03-11 22:41:47.299 [main] BaseClass - Goto my account-->Click on Login.. 
[INFO ] 2025-03-11 22:41:47.794 [main] BaseClass - Entering email and password.. 
[INFO ] 2025-03-11 22:41:49.155 [main] BaseClass - clicked on login button...
[INFO ] 2025-03-11 22:41:53.034 [main] BaseClass - Goto my account-->Click on Login.. 
[INFO ] 2025-03-11 22:41:53.583 [main] BaseClass - Entering email and password.. 
[INFO ] 2025-03-11 22:41:53.811 [main] BaseClass - clicked on login button...
[INFO ] 2025-03-11 22:41:58.269 [main] BaseClass - Goto my account-->Click on Login.. 
[INFO ] 2025-03-11 22:41:58.805 [main] BaseClass - Entering email and password.. 
[INFO ] 2025-03-11 22:41:59.002 [main] BaseClass - clicked on login button...
[INFO ] 2025-03-11 22:56:26.513 [main] BaseClass - Goto my account-->Click on Login.. 
[INFO ] 2025-03-11 22:56:27.029 [main] BaseClass - Entering email and password.. 
[INFO ] 2025-03-11 22:56:28.343 [main] BaseClass - clicked on login button...
[INFO ] 2025-03-11 22:56:32.191 [main] BaseClass - Goto my account-->Click on Login.. 
[INFO ] 2025-03-11 22:56:32.699 [main] BaseClass - Entering email and password.. 
[INFO ] 2025-03-11 22:56:32.910 [main] BaseClass - clicked on login button...
[INFO ] 2025-03-11 22:56:37.489 [main] BaseClass - Goto my account-->Click on Login.. 
[INFO ] 2025-03-11 22:56:38.132 [main] BaseClass - Entering email and password.. 
[INFO ] 2025-03-11 22:56:38.336 [main] BaseClass - clicked on login button...
[INFO ] 2025-03-11 22:59:39.547 [main] BaseClass - Goto my account-->Click on Login.. 
[INFO ] 2025-03-11 22:59:40.091 [main] BaseClass - Entering email and password.. 
[INFO ] 2025-03-11 22:59:40.374 [main] BaseClass - clicked on login button...
[INFO ] 2025-03-11 23:01:27.355 [main] BaseClass - Goto my account-->Click on Login.. 
[INFO ] 2025-03-11 23:01:27.858 [main] BaseClass - Entering email and password.. 
[INFO ] 2025-03-11 23:01:28.050 [main] BaseClass - clicked on login button...
[INFO ] 2025-03-12 12:44:44.165 [main] BaseClass - Goto my account-->Click on Login.. 
[INFO ] 2025-03-12 12:44:44.735 [main] BaseClass - Entering email and password.. 
[INFO ] 2025-03-12 12:44:44.923 [main] BaseClass - clicked on login button...
[INFO ] 2025-03-12 12:44:50.062 [main] BaseClass - Goto my account-->Click on Login.. 
[INFO ] 2025-03-12 12:44:50.504 [main] BaseClass - Entering email and password.. 
[INFO ] 2025-03-12 12:44:50.725 [main] BaseClass - clicked on login button...
[INFO ] 2025-03-12 12:44:55.114 [main] BaseClass - Goto my account-->Click on Login.. 
[INFO ] 2025-03-12 12:44:55.636 [main] BaseClass - Entering email and password.. 
[INFO ] 2025-03-12 12:44:55.830 [main] BaseClass - clicked on login button...
[INFO ] 2025-03-12 12:47:50.025 [main] BaseClass - Goto my account-->Click on Login.. 
[INFO ] 2025-03-12 12:47:50.496 [main] BaseClass - Entering email and password.. 
[INFO ] 2025-03-12 12:47:50.680 [main] BaseClass - clicked on login button...
[INFO ] 2025-03-12 12:47:55.485 [main] BaseClass - Goto my account-->Click on Login.. 
[INFO ] 2025-03-12 12:47:55.946 [main] BaseClass - Entering email and password.. 
[INFO ] 2025-03-12 12:47:56.129 [main] BaseClass - clicked on login button...
[INFO ] 2025-03-12 12:48:00.482 [main] BaseClass - Goto my account-->Click on Login.. 
[INFO ] 2025-03-12 12:48:01.012 [main] BaseClass - Entering email and password.. 
[INFO ] 2025-03-12 12:48:01.166 [main] BaseClass - clicked on login button...
[INFO ] 2025-03-12 12:48:31.639 [main] BaseClass - Goto my account-->Click on Login.. 
[INFO ] 2025-03-12 12:48:32.127 [main] BaseClass - Entering email and password.. 
[INFO ] 2025-03-12 12:48:33.428 [main] BaseClass - clicked on login button...
[INFO ] 2025-03-12 12:48:36.836 [main] BaseClass - Goto my account-->Click on Login.. 
[INFO ] 2025-03-12 12:48:37.293 [main] BaseClass - Entering email and password.. 
[INFO ] 2025-03-12 12:48:37.478 [main] BaseClass - clicked on login button...
[INFO ] 2025-03-12 13:23:33.756 [main] BaseClass - Goto my account-->Click on Login.. 
[DEBUG] 2025-03-12 13:23:34.483 [main] PackageRelationshipCollection - Parsing relationship: /xl/_rels/workbook.xml.rels
[DEBUG] 2025-03-12 13:23:34.485 [main] PackageRelationshipCollection - Parsing relationship: /xl/worksheets/_rels/sheet1.xml.rels
[DEBUG] 2025-03-12 13:23:34.486 [main] PackageRelationshipCollection - Parsing relationship: /_rels/.rels
[DEBUG] 2025-03-12 13:23:34.868 [main] POIXMLFactory - using default POIXMLDocumentPart for http://schemas.openxmlformats.org/officeDocument/2006/relationships/printerSettings
[INFO ] 2025-03-12 13:23:50.114 [main] BaseClass - Goto my account-->Click on Login.. 
[DEBUG] 2025-03-12 13:23:50.701 [main] PackageRelationshipCollection - Parsing relationship: /xl/_rels/workbook.xml.rels
[DEBUG] 2025-03-12 13:23:50.704 [main] PackageRelationshipCollection - Parsing relationship: /xl/worksheets/_rels/sheet1.xml.rels
[DEBUG] 2025-03-12 13:23:50.705 [main] PackageRelationshipCollection - Parsing relationship: /_rels/.rels
[DEBUG] 2025-03-12 13:23:50.719 [main] POIXMLFactory - using default POIXMLDocumentPart for http://schemas.openxmlformats.org/officeDocument/2006/relationships/printerSettings
[INFO ] 2025-03-12 13:23:56.366 [main] BaseClass - Goto my account-->Click on Login.. 
[DEBUG] 2025-03-12 13:23:56.960 [main] PackageRelationshipCollection - Parsing relationship: /xl/_rels/workbook.xml.rels
[DEBUG] 2025-03-12 13:23:56.962 [main] PackageRelationshipCollection - Parsing relationship: /xl/worksheets/_rels/sheet1.xml.rels
[DEBUG] 2025-03-12 13:23:56.963 [main] PackageRelationshipCollection - Parsing relationship: /_rels/.rels
[DEBUG] 2025-03-12 13:23:56.975 [main] POIXMLFactory - using default POIXMLDocumentPart for http://schemas.openxmlformats.org/officeDocument/2006/relationships/printerSettings
[INFO ] 2025-03-12 13:24:02.963 [main] BaseClass - Goto my account-->Click on Login.. 
[DEBUG] 2025-03-12 13:24:03.512 [main] PackageRelationshipCollection - Parsing relationship: /xl/_rels/workbook.xml.rels
[DEBUG] 2025-03-12 13:24:03.514 [main] PackageRelationshipCollection - Parsing relationship: /xl/worksheets/_rels/sheet1.xml.rels
[DEBUG] 2025-03-12 13:24:03.515 [main] PackageRelationshipCollection - Parsing relationship: /_rels/.rels
[DEBUG] 2025-03-12 13:24:03.527 [main] POIXMLFactory - using default POIXMLDocumentPart for http://schemas.openxmlformats.org/officeDocument/2006/relationships/printerSettings
[INFO ] 2025-03-12 13:24:17.807 [main] BaseClass - Goto my account-->Click on Login.. 
[DEBUG] 2025-03-12 13:24:18.297 [main] PackageRelationshipCollection - Parsing relationship: /xl/_rels/workbook.xml.rels
[DEBUG] 2025-03-12 13:24:18.299 [main] PackageRelationshipCollection - Parsing relationship: /xl/worksheets/_rels/sheet1.xml.rels
[DEBUG] 2025-03-12 13:24:18.300 [main] PackageRelationshipCollection - Parsing relationship: /_rels/.rels
[DEBUG] 2025-03-12 13:24:18.311 [main] POIXMLFactory - using default POIXMLDocumentPart for http://schemas.openxmlformats.org/officeDocument/2006/relationships/printerSettings
[INFO ] 2025-03-12 13:26:58.487 [main] BaseClass - Goto my account-->Click on Login.. 
[DEBUG] 2025-03-12 13:26:59.055 [main] PackageRelationshipCollection - Parsing relationship: /xl/_rels/workbook.xml.rels
[DEBUG] 2025-03-12 13:26:59.056 [main] PackageRelationshipCollection - Parsing relationship: /xl/worksheets/_rels/sheet1.xml.rels
[DEBUG] 2025-03-12 13:26:59.058 [main] PackageRelationshipCollection - Parsing relationship: /_rels/.rels
[DEBUG] 2025-03-12 13:26:59.304 [main] POIXMLFactory - using default POIXMLDocumentPart for http://schemas.openxmlformats.org/officeDocument/2006/relationships/printerSettings
[INFO ] 2025-03-12 13:27:14.323 [main] BaseClass - Goto my account-->Click on Login.. 
[DEBUG] 2025-03-12 13:27:14.790 [main] PackageRelationshipCollection - Parsing relationship: /xl/_rels/workbook.xml.rels
[DEBUG] 2025-03-12 13:27:14.792 [main] PackageRelationshipCollection - Parsing relationship: /xl/worksheets/_rels/sheet1.xml.rels
[DEBUG] 2025-03-12 13:27:14.793 [main] PackageRelationshipCollection - Parsing relationship: /_rels/.rels
[DEBUG] 2025-03-12 13:27:14.806 [main] POIXMLFactory - using default POIXMLDocumentPart for http://schemas.openxmlformats.org/officeDocument/2006/relationships/printerSettings
[INFO ] 2025-03-12 13:27:20.164 [main] BaseClass - Goto my account-->Click on Login.. 
[DEBUG] 2025-03-12 13:27:20.659 [main] PackageRelationshipCollection - Parsing relationship: /xl/_rels/workbook.xml.rels
[DEBUG] 2025-03-12 13:27:20.660 [main] PackageRelationshipCollection - Parsing relationship: /xl/worksheets/_rels/sheet1.xml.rels
[DEBUG] 2025-03-12 13:27:20.661 [main] PackageRelationshipCollection - Parsing relationship: /_rels/.rels
[DEBUG] 2025-03-12 13:27:20.671 [main] POIXMLFactory - using default POIXMLDocumentPart for http://schemas.openxmlformats.org/officeDocument/2006/relationships/printerSettings
[INFO ] 2025-03-12 13:27:26.332 [main] BaseClass - Goto my account-->Click on Login.. 
[DEBUG] 2025-03-12 13:27:26.804 [main] PackageRelationshipCollection - Parsing relationship: /xl/_rels/workbook.xml.rels
[DEBUG] 2025-03-12 13:27:26.806 [main] PackageRelationshipCollection - Parsing relationship: /xl/worksheets/_rels/sheet1.xml.rels
[DEBUG] 2025-03-12 13:27:26.807 [main] PackageRelationshipCollection - Parsing relationship: /_rels/.rels
[DEBUG] 2025-03-12 13:27:26.819 [main] POIXMLFactory - using default POIXMLDocumentPart for http://schemas.openxmlformats.org/officeDocument/2006/relationships/printerSettings
[INFO ] 2025-03-12 13:27:40.382 [main] BaseClass - Goto my account-->Click on Login.. 
[DEBUG] 2025-03-12 13:27:40.853 [main] PackageRelationshipCollection - Parsing relationship: /xl/_rels/workbook.xml.rels
[DEBUG] 2025-03-12 13:27:40.854 [main] PackageRelationshipCollection - Parsing relationship: /xl/worksheets/_rels/sheet1.xml.rels
[DEBUG] 2025-03-12 13:27:40.854 [main] PackageRelationshipCollection - Parsing relationship: /_rels/.rels
[DEBUG] 2025-03-12 13:27:40.861 [main] POIXMLFactory - using default POIXMLDocumentPart for http://schemas.openxmlformats.org/officeDocument/2006/relationships/printerSettings
[INFO ] 2025-03-12 13:44:57.287 [main] BaseClass - Goto my account-->Click on Login.. 
[INFO ] 2025-03-12 13:44:57.789 [main] BaseClass - Entering email and password.. 
[INFO ] 2025-03-12 13:44:58.596 [main] BaseClass - clicked on login button...
[INFO ] 2025-03-12 13:45:13.386 [main] BaseClass - Goto my account-->Click on Login.. 
[INFO ] 2025-03-12 13:45:13.874 [main] BaseClass - Entering email and password.. 
[INFO ] 2025-03-12 13:45:14.081 [main] BaseClass - clicked on login button...
[INFO ] 2025-03-12 13:45:18.861 [main] BaseClass - Goto my account-->Click on Login.. 
[INFO ] 2025-03-12 13:45:19.412 [main] BaseClass - Entering email and password.. 
[INFO ] 2025-03-12 13:45:19.613 [main] BaseClass - clicked on login button...
[INFO ] 2025-03-12 13:49:04.642 [main] BaseClass - Goto my account-->Click on Login.. 
[INFO ] 2025-03-12 13:49:05.144 [main] BaseClass - Entering email and password.. 
[INFO ] 2025-03-12 13:49:05.315 [main] BaseClass - clicked on login button...
[INFO ] 2025-03-12 13:54:24.708 [main] BaseClass - Goto my account-->Click on Login.. 
[INFO ] 2025-03-12 13:54:25.203 [main] BaseClass - Entering email and password.. 
[INFO ] 2025-03-12 13:54:25.402 [main] BaseClass - clicked on login button...
[INFO ] 2025-03-12 13:54:30.065 [main] BaseClass - Goto my account-->Click on Login.. 
[INFO ] 2025-03-12 13:54:30.556 [main] BaseClass - Entering email and password.. 
[INFO ] 2025-03-12 13:54:30.768 [main] BaseClass - clicked on login button...
[INFO ] 2025-03-12 13:54:35.565 [main] BaseClass - Goto my account-->Click on Login.. 
[INFO ] 2025-03-12 13:54:36.062 [main] BaseClass - Entering email and password.. 
[INFO ] 2025-03-12 13:54:36.257 [main] BaseClass - clicked on login button...
[INFO ] 2025-03-12 13:58:11.538 [main] BaseClass - Goto my account-->Click on Login.. 
[INFO ] 2025-03-12 13:58:12.044 [main] BaseClass - Entering email and password.. 
[INFO ] 2025-03-12 13:58:12.269 [main] BaseClass - clicked on login button...
[INFO ] 2025-03-12 13:58:17.036 [main] BaseClass - Goto my account-->Click on Login.. 
[INFO ] 2025-03-12 13:58:17.549 [main] BaseClass - Entering email and password.. 
[INFO ] 2025-03-12 13:58:17.764 [main] BaseClass - clicked on login button...
[INFO ] 2025-03-12 13:58:22.418 [main] BaseClass - Goto my account-->Click on Login.. 
[INFO ] 2025-03-12 13:58:22.944 [main] BaseClass - Entering email and password.. 
[INFO ] 2025-03-12 13:58:23.154 [main] BaseClass - clicked on login button...
[INFO ] 2025-03-12 14:03:11.884 [main] BaseClass - Goto my account-->Click on Login.. 
[INFO ] 2025-03-12 14:03:12.371 [main] BaseClass - Entering email and password.. 
[INFO ] 2025-03-12 14:03:13.677 [main] BaseClass - clicked on login button...
[INFO ] 2025-03-12 14:03:17.399 [main] BaseClass - Goto my account-->Click on Login.. 
[INFO ] 2025-03-12 14:03:17.954 [main] BaseClass - Entering email and password.. 
[INFO ] 2025-03-12 14:03:18.139 [main] BaseClass - clicked on login button...
[INFO ] 2025-03-12 14:03:23.241 [main] BaseClass - Goto my account-->Click on Login.. 
[INFO ] 2025-03-12 14:03:23.692 [main] BaseClass - Entering email and password.. 
[INFO ] 2025-03-12 14:03:23.875 [main] BaseClass - clicked on login button...
[INFO ] 2025-03-12 14:06:32.299 [main] BaseClass - Goto my account-->Click on Login.. 
[INFO ] 2025-03-12 14:06:32.833 [main] BaseClass - Entering email and password.. 
[INFO ] 2025-03-12 14:06:34.267 [main] BaseClass - clicked on login button...
[INFO ] 2025-03-12 14:06:37.691 [main] BaseClass - Goto my account-->Click on Login.. 
[INFO ] 2025-03-12 14:06:38.185 [main] BaseClass - Entering email and password.. 
[INFO ] 2025-03-12 14:06:38.375 [main] BaseClass - clicked on login button...
[INFO ] 2025-03-12 14:06:43.103 [main] BaseClass - Goto my account-->Click on Login.. 
[INFO ] 2025-03-12 14:06:43.596 [main] BaseClass - Entering email and password.. 
[INFO ] 2025-03-12 14:06:43.825 [main] BaseClass - clicked on login button...
[INFO ] 2025-03-12 14:12:21.099 [main] BaseClass - Goto my account-->Click on Login.. 
[INFO ] 2025-03-12 14:12:21.598 [main] BaseClass - Entering email and password.. 
[INFO ] 2025-03-12 14:12:21.819 [main] BaseClass - clicked on login button...
[INFO ] 2025-03-12 14:12:26.499 [main] BaseClass - Goto my account-->Click on Login.. 
[INFO ] 2025-03-12 14:12:27.068 [main] BaseClass - Entering email and password.. 
[INFO ] 2025-03-12 14:12:27.290 [main] BaseClass - clicked on login button...
[INFO ] 2025-03-12 14:12:32.037 [main] BaseClass - Goto my account-->Click on Login.. 
[INFO ] 2025-03-12 14:12:32.661 [main] BaseClass - Entering email and password.. 
[INFO ] 2025-03-12 14:12:33.768 [main] BaseClass - clicked on login button...
[INFO ] 2025-03-17 10:02:29.933 [main] BaseClass - Goto my account-->Click on Login.. 
[INFO ] 2025-03-17 10:02:30.406 [main] BaseClass - Entering email and password.. 
[INFO ] 2025-03-17 10:02:30.595 [main] BaseClass - clicked on login button...
[INFO ] 2025-03-17 10:02:35.555 [main] BaseClass - Goto my account-->Click on Login.. 
[INFO ] 2025-03-17 10:02:36.042 [main] BaseClass - Entering email and password.. 
[INFO ] 2025-03-17 10:02:36.228 [main] BaseClass - clicked on login button...
[INFO ] 2025-03-17 10:02:40.927 [main] BaseClass - Goto my account-->Click on Login.. 
[INFO ] 2025-03-17 10:02:41.462 [main] BaseClass - Entering email and password.. 
[INFO ] 2025-03-17 10:02:41.641 [main] BaseClass - clicked on login button...
